========================================
Date: 2026-03-24 23:12:43
Name: Test User
Email: test@example.com
Subject: Test Subject
Message:
Test message content
========================================

========================================
Date: 2026-03-24 23:14:53
Name: Test User
Email: test@example.com
Subject: Test Subject
Message:
Test message content
========================================

========================================
Date: 2026-03-24 23:14:55
Name: Test User
Email: test@example.com
Subject: Test Subject
Message:
Test message content
========================================

