[29-Mar-2026 21:21:00 Africa/Kampala] ✗ Database connection failed: SQLSTATE[HY000] [1045] Access denied for user '2VcYykLWVZacLnw.root'@'41.210.178.121' (using password: NO)
[29-Mar-2026 21:21:00 Africa/Kampala] Target DSN: mysql:host=gateway01.eu-central-1.prod.aws.tidbcloud.com;port=4000
[29-Mar-2026 21:21:00 Africa/Kampala] PHP Fatal error:  Uncaught PDOException: SQLSTATE[HY000] [1045] Access denied for user '2VcYykLWVZacLnw.root'@'41.210.178.121' (using password: NO) in C:\xampp\htdocs\rogele-prod\config\database.php:30
Stack trace:
#0 C:\xampp\htdocs\rogele-prod\config\database.php(30): PDO->__construct('mysql:host=gate...', '2VcYykLWVZacLnw...', '', Array)
#1 C:\xampp\htdocs\rogele-prod\config\database.php(43): Database->__construct()
#2 C:\xampp\htdocs\rogele-prod\models\User.php(10): Database::getInstance()
#3 C:\xampp\htdocs\rogele-prod\controllers\AuthController.php(11): User->__construct()
#4 C:\xampp\htdocs\rogele-prod\index.php(189): AuthController->__construct()
#5 {main}
  thrown in C:\xampp\htdocs\rogele-prod\config\database.php on line 30
[29-Mar-2026 21:23:43 Africa/Kampala] ✗ Database connection failed: SQLSTATE[HY000] [1045] Access denied for user '2VcYykLWVZacLnw.root'@'41.210.178.121' (using password: NO)
[29-Mar-2026 21:23:43 Africa/Kampala] Target DSN: mysql:host=gateway01.eu-central-1.prod.aws.tidbcloud.com;port=4000
[29-Mar-2026 21:23:43 Africa/Kampala] PHP Fatal error:  Uncaught PDOException: SQLSTATE[HY000] [1045] Access denied for user '2VcYykLWVZacLnw.root'@'41.210.178.121' (using password: NO) in C:\xampp\htdocs\rogele-prod\config\database.php:30
Stack trace:
#0 C:\xampp\htdocs\rogele-prod\config\database.php(30): PDO->__construct('mysql:host=gate...', '2VcYykLWVZacLnw...', '', Array)
#1 C:\xampp\htdocs\rogele-prod\config\database.php(43): Database->__construct()
#2 C:\xampp\htdocs\rogele-prod\models\User.php(10): Database::getInstance()
#3 C:\xampp\htdocs\rogele-prod\controllers\AuthController.php(11): User->__construct()
#4 C:\xampp\htdocs\rogele-prod\index.php(189): AuthController->__construct()
#5 {main}
  thrown in C:\xampp\htdocs\rogele-prod\config\database.php on line 30
[29-Mar-2026 21:38:50 Africa/Kampala] Database connection failed: SQLSTATE[HY000] [1045] Access denied for user '2VcYykLWVZacLnw.root'@'41.210.178.121' (using password: NO)
[29-Mar-2026 21:38:50 Africa/Kampala] Target DSN: mysql:host=gateway01.eu-central-1.prod.aws.tidbcloud.com;port=4000
[29-Mar-2026 21:38:50 Africa/Kampala] PHP Fatal error:  Uncaught PDOException: SQLSTATE[HY000] [1045] Access denied for user '2VcYykLWVZacLnw.root'@'41.210.178.121' (using password: NO) in C:\xampp\htdocs\rogele-prod\config\database.php:40
Stack trace:
#0 C:\xampp\htdocs\rogele-prod\config\database.php(40): PDO->__construct('mysql:host=gate...', '2VcYykLWVZacLnw...', '', Array)
#1 C:\xampp\htdocs\rogele-prod\config\database.php(53): Database->__construct()
#2 C:\xampp\htdocs\rogele-prod\models\User.php(10): Database::getInstance()
#3 C:\xampp\htdocs\rogele-prod\controllers\AuthController.php(11): User->__construct()
#4 C:\xampp\htdocs\rogele-prod\index.php(189): AuthController->__construct()
#5 {main}
  thrown in C:\xampp\htdocs\rogele-prod\config\database.php on line 40
[29-Mar-2026 21:39:25 Africa/Kampala] Database connection failed: SQLSTATE[HY000] [1045] Access denied for user '2VcYykLWVZacLnw.root'@'41.210.178.121' (using password: NO)
[29-Mar-2026 21:39:25 Africa/Kampala] Target DSN: mysql:host=gateway01.eu-central-1.prod.aws.tidbcloud.com;port=4000
[29-Mar-2026 21:39:25 Africa/Kampala] PHP Fatal error:  Uncaught PDOException: SQLSTATE[HY000] [1045] Access denied for user '2VcYykLWVZacLnw.root'@'41.210.178.121' (using password: NO) in C:\xampp\htdocs\rogele-prod\config\database.php:40
Stack trace:
#0 C:\xampp\htdocs\rogele-prod\config\database.php(40): PDO->__construct('mysql:host=gate...', '2VcYykLWVZacLnw...', '', Array)
#1 C:\xampp\htdocs\rogele-prod\config\database.php(53): Database->__construct()
#2 C:\xampp\htdocs\rogele-prod\models\User.php(10): Database::getInstance()
#3 C:\xampp\htdocs\rogele-prod\controllers\AuthController.php(11): User->__construct()
#4 C:\xampp\htdocs\rogele-prod\index.php(189): AuthController->__construct()
#5 {main}
  thrown in C:\xampp\htdocs\rogele-prod\config\database.php on line 40
[29-Mar-2026 21:41:06 Africa/Kampala] Database connection failed: SQLSTATE[HY000] [1045] Access denied for user '2VcYykLWVZacLnw.root'@'41.210.178.121' (using password: NO)
[29-Mar-2026 21:41:06 Africa/Kampala] Target DSN: mysql:host=gateway01.eu-central-1.prod.aws.tidbcloud.com;port=4000
[29-Mar-2026 21:41:06 Africa/Kampala] PHP Fatal error:  Uncaught PDOException: SQLSTATE[HY000] [1045] Access denied for user '2VcYykLWVZacLnw.root'@'41.210.178.121' (using password: NO) in C:\xampp\htdocs\rogele-prod\config\database.php:40
Stack trace:
#0 C:\xampp\htdocs\rogele-prod\config\database.php(40): PDO->__construct('mysql:host=gate...', '2VcYykLWVZacLnw...', '', Array)
#1 C:\xampp\htdocs\rogele-prod\config\database.php(53): Database->__construct()
#2 C:\xampp\htdocs\rogele-prod\models\User.php(10): Database::getInstance()
#3 C:\xampp\htdocs\rogele-prod\controllers\AuthController.php(11): User->__construct()
#4 C:\xampp\htdocs\rogele-prod\index.php(189): AuthController->__construct()
#5 {main}
  thrown in C:\xampp\htdocs\rogele-prod\config\database.php on line 40
[29-Mar-2026 21:43:27 Africa/Kampala] Database connection failed: SQLSTATE[HY000] [1045] Access denied for user '2VcYykLWVZacLnw.root'@'41.210.178.121' (using password: NO)
[29-Mar-2026 21:43:27 Africa/Kampala] Target DSN: mysql:host=gateway01.eu-central-1.prod.aws.tidbcloud.com;port=4000
[29-Mar-2026 21:43:27 Africa/Kampala] PHP Fatal error:  Uncaught PDOException: SQLSTATE[HY000] [1045] Access denied for user '2VcYykLWVZacLnw.root'@'41.210.178.121' (using password: NO) in C:\xampp\htdocs\rogele-prod\config\database.php:40
Stack trace:
#0 C:\xampp\htdocs\rogele-prod\config\database.php(40): PDO->__construct('mysql:host=gate...', '2VcYykLWVZacLnw...', '', Array)
#1 C:\xampp\htdocs\rogele-prod\config\database.php(53): Database->__construct()
#2 C:\xampp\htdocs\rogele-prod\models\User.php(10): Database::getInstance()
#3 C:\xampp\htdocs\rogele-prod\controllers\AuthController.php(11): User->__construct()
#4 C:\xampp\htdocs\rogele-prod\index.php(189): AuthController->__construct()
#5 {main}
  thrown in C:\xampp\htdocs\rogele-prod\config\database.php on line 40
[29-Mar-2026 21:51:56 Africa/Kampala] Database connection failed: SQLSTATE[HY000] [1045] Access denied for user '2VcYykLWVZacLnw.root'@'41.210.178.121' (using password: YES)
[29-Mar-2026 21:51:56 Africa/Kampala] Target DSN: mysql:host=gateway01.eu-central-1.prod.aws.tidbcloud.com;port=4000
[29-Mar-2026 21:51:56 Africa/Kampala] PHP Fatal error:  Uncaught PDOException: SQLSTATE[HY000] [1045] Access denied for user '2VcYykLWVZacLnw.root'@'41.210.178.121' (using password: YES) in C:\xampp\htdocs\rogele-prod\config\database.php:40
Stack trace:
#0 C:\xampp\htdocs\rogele-prod\config\database.php(40): PDO->__construct('mysql:host=gate...', '2VcYykLWVZacLnw...', 'PASTE_YOUR_ACTU...', Array)
#1 C:\xampp\htdocs\rogele-prod\config\database.php(53): Database->__construct()
#2 C:\xampp\htdocs\rogele-prod\models\User.php(10): Database::getInstance()
#3 C:\xampp\htdocs\rogele-prod\controllers\AuthController.php(11): User->__construct()
#4 C:\xampp\htdocs\rogele-prod\index.php(189): AuthController->__construct()
#5 {main}
  thrown in C:\xampp\htdocs\rogele-prod\config\database.php on line 40
[29-Mar-2026 21:52:25 Africa/Kampala] Database connection failed: SQLSTATE[HY000] [1045] Access denied for user '2VcYykLWVZacLnw.root'@'41.210.178.121' (using password: YES)
[29-Mar-2026 21:52:25 Africa/Kampala] Target DSN: mysql:host=gateway01.eu-central-1.prod.aws.tidbcloud.com;port=4000
[29-Mar-2026 21:52:25 Africa/Kampala] PHP Fatal error:  Uncaught PDOException: SQLSTATE[HY000] [1045] Access denied for user '2VcYykLWVZacLnw.root'@'41.210.178.121' (using password: YES) in C:\xampp\htdocs\rogele-prod\config\database.php:40
Stack trace:
#0 C:\xampp\htdocs\rogele-prod\config\database.php(40): PDO->__construct('mysql:host=gate...', '2VcYykLWVZacLnw...', 'PASTE_YOUR_ACTU...', Array)
#1 C:\xampp\htdocs\rogele-prod\config\database.php(53): Database->__construct()
#2 C:\xampp\htdocs\rogele-prod\models\User.php(10): Database::getInstance()
#3 C:\xampp\htdocs\rogele-prod\controllers\AuthController.php(11): User->__construct()
#4 C:\xampp\htdocs\rogele-prod\index.php(189): AuthController->__construct()
#5 {main}
  thrown in C:\xampp\htdocs\rogele-prod\config\database.php on line 40
[29-Mar-2026 21:54:21 Africa/Kampala] Database connection failed: SQLSTATE[HY000] [1045] Access denied for user '2VcYykLWVZacLnw.root'@'41.210.178.121' (using password: NO)
[29-Mar-2026 21:54:21 Africa/Kampala] Target DSN: mysql:host=gateway01.eu-central-1.prod.aws.tidbcloud.com;port=4000
[29-Mar-2026 21:54:21 Africa/Kampala] PHP Fatal error:  Uncaught PDOException: SQLSTATE[HY000] [1045] Access denied for user '2VcYykLWVZacLnw.root'@'41.210.178.121' (using password: NO) in C:\xampp\htdocs\rogele-prod\config\database.php:40
Stack trace:
#0 C:\xampp\htdocs\rogele-prod\config\database.php(40): PDO->__construct('mysql:host=gate...', '2VcYykLWVZacLnw...', '', Array)
#1 C:\xampp\htdocs\rogele-prod\config\database.php(53): Database->__construct()
#2 C:\xampp\htdocs\rogele-prod\models\User.php(10): Database::getInstance()
#3 C:\xampp\htdocs\rogele-prod\controllers\AuthController.php(11): User->__construct()
#4 C:\xampp\htdocs\rogele-prod\index.php(189): AuthController->__construct()
#5 {main}
  thrown in C:\xampp\htdocs\rogele-prod\config\database.php on line 40
[29-Mar-2026 21:56:06 Africa/Kampala] Database connection failed: SQLSTATE[HY000] [1045] Access denied for user '2VcYykLWVZacLnw.root'@'41.210.178.121' (using password: NO)
[29-Mar-2026 21:56:06 Africa/Kampala] Target DSN: mysql:host=gateway01.eu-central-1.prod.aws.tidbcloud.com;port=4000
[29-Mar-2026 21:56:06 Africa/Kampala] PHP Fatal error:  Uncaught PDOException: SQLSTATE[HY000] [1045] Access denied for user '2VcYykLWVZacLnw.root'@'41.210.178.121' (using password: NO) in C:\xampp\htdocs\rogele-prod\config\database.php:40
Stack trace:
#0 C:\xampp\htdocs\rogele-prod\config\database.php(40): PDO->__construct('mysql:host=gate...', '2VcYykLWVZacLnw...', '', Array)
#1 C:\xampp\htdocs\rogele-prod\config\database.php(53): Database->__construct()
#2 C:\xampp\htdocs\rogele-prod\models\User.php(10): Database::getInstance()
#3 C:\xampp\htdocs\rogele-prod\controllers\AuthController.php(11): User->__construct()
#4 C:\xampp\htdocs\rogele-prod\index.php(189): AuthController->__construct()
#5 {main}
  thrown in C:\xampp\htdocs\rogele-prod\config\database.php on line 40
[29-Mar-2026 21:59:21 Africa/Kampala] Database connection failed: SQLSTATE[HY000] [1045] Access denied for user '2VcYykLWVZacLnw.root'@'41.210.178.121' (using password: NO)
[29-Mar-2026 21:59:21 Africa/Kampala] Target DSN: mysql:host=gateway01.eu-central-1.prod.aws.tidbcloud.com;port=4000
[29-Mar-2026 21:59:21 Africa/Kampala] PHP Fatal error:  Uncaught PDOException: SQLSTATE[HY000] [1045] Access denied for user '2VcYykLWVZacLnw.root'@'41.210.178.121' (using password: NO) in C:\xampp\htdocs\rogele-prod\config\database.php:40
Stack trace:
#0 C:\xampp\htdocs\rogele-prod\config\database.php(40): PDO->__construct('mysql:host=gate...', '2VcYykLWVZacLnw...', '', Array)
#1 C:\xampp\htdocs\rogele-prod\config\database.php(53): Database->__construct()
#2 C:\xampp\htdocs\rogele-prod\models\User.php(10): Database::getInstance()
#3 C:\xampp\htdocs\rogele-prod\controllers\AuthController.php(11): User->__construct()
#4 C:\xampp\htdocs\rogele-prod\index.php(189): AuthController->__construct()
#5 {main}
  thrown in C:\xampp\htdocs\rogele-prod\config\database.php on line 40
[29-Mar-2026 22:02:46 Africa/Kampala] Database connection successful!
[29-Mar-2026 22:02:46 Africa/Kampala] MailHelper initialized
[29-Mar-2026 22:03:02 Africa/Kampala] Database connection successful!
[29-Mar-2026 22:03:02 Africa/Kampala] MailHelper initialized
[29-Mar-2026 22:03:02 Africa/Kampala] Login POST request received
[29-Mar-2026 22:03:02 Africa/Kampala] Username: nelson.hisaalu@gmail.com
[29-Mar-2026 22:03:02 Africa/Kampala] Password length: 10
[29-Mar-2026 22:03:02 Africa/Kampala] Login attempt for username: nelson.hisaalu@gmail.com
[29-Mar-2026 22:03:03 Africa/Kampala] Password verification failed for user: nelson.hisaalu@gmail.com
[29-Mar-2026 22:03:03 Africa/Kampala] Login result: FAILED
[29-Mar-2026 22:03:03 Africa/Kampala] Error message: Invalid password
[29-Mar-2026 22:03:04 Africa/Kampala] Database connection successful!
[29-Mar-2026 22:03:04 Africa/Kampala] MailHelper initialized
[29-Mar-2026 22:03:23 Africa/Kampala] Database connection successful!
[29-Mar-2026 22:03:23 Africa/Kampala] MailHelper initialized
[29-Mar-2026 22:03:23 Africa/Kampala] Login POST request received
[29-Mar-2026 22:03:23 Africa/Kampala] Username: nelson.hisaalu@gmail.com
[29-Mar-2026 22:03:23 Africa/Kampala] Password length: 10
[29-Mar-2026 22:03:23 Africa/Kampala] Login attempt for username: nelson.hisaalu@gmail.com
[29-Mar-2026 22:03:25 Africa/Kampala] Activity log error: SQLSTATE[HY000]: General error: 1364 Field 'id' doesn't have a default value
[29-Mar-2026 22:03:25 Africa/Kampala] Login result: SUCCESS
[29-Mar-2026 22:03:25 Africa/Kampala] Session set for user ID: 25
[29-Mar-2026 22:03:27 Africa/Kampala] Database connection successful!
[29-Mar-2026 22:03:59 Africa/Kampala] Database connection successful!
[29-Mar-2026 22:04:02 Africa/Kampala] === getAllQuizzes START ===
[29-Mar-2026 22:04:02 Africa/Kampala] SIMPLE QUERY (no filters):
[29-Mar-2026 22:04:02 Africa/Kampala]   ID: 27 - Mathematics 001
[29-Mar-2026 22:04:02 Africa/Kampala]   ID: 28 - Science Quizz 001
[29-Mar-2026 22:04:02 Africa/Kampala]   ID: 29 - English Quiz 001
[29-Mar-2026 22:04:02 Africa/Kampala]   ID: 30 - Social Studies 001
[29-Mar-2026 22:04:02 Africa/Kampala]   ID: 32 - Computer Studies 001
[29-Mar-2026 22:04:02 Africa/Kampala] EXECUTING SQL: SELECT DISTINCT q.id, q.*, 
                            (SELECT COUNT(*) FROM quiz_questions WHERE quiz_id = q.id) as question_count,
                            (SELECT name FROM subjects WHERE id = q.subject_id) as subject_name,
                            (SELECT name FROM classes WHERE id = q.class_id) as class_name
                        FROM quizzes q
                        WHERE q.is_published = 1 
                        AND (SELECT COUNT(*) FROM quiz_questions WHERE quiz_id = q.id) > 0
                        GROUP BY q.id
                        ORDER BY q.id ASC
[29-Mar-2026 22:04:03 Africa/Kampala] SQL RESULT COUNT: 5
[29-Mar-2026 22:04:03 Africa/Kampala]   SQL Result: ID=27, Title=Mathematics 001, QCount=5
[29-Mar-2026 22:04:03 Africa/Kampala]   SQL Result: ID=28, Title=Science Quizz 001, QCount=5
[29-Mar-2026 22:04:03 Africa/Kampala]   SQL Result: ID=29, Title=English Quiz 001, QCount=5
[29-Mar-2026 22:04:03 Africa/Kampala]   SQL Result: ID=30, Title=Social Studies 001, QCount=5
[29-Mar-2026 22:04:03 Africa/Kampala]   SQL Result: ID=32, Title=Computer Studies 001, QCount=10
[29-Mar-2026 22:04:03 Africa/Kampala]   >>> QUIZ 30 FOUND in SQL result!
[29-Mar-2026 22:04:03 Africa/Kampala] hasCompletedQuiz - User: 25, Quiz: 27, Count: 1
[29-Mar-2026 22:04:06 Africa/Kampala] hasCompletedQuiz - User: 25, Quiz: 28, Count: 1
[29-Mar-2026 22:04:10 Africa/Kampala] hasCompletedQuiz - User: 25, Quiz: 29, Count: 2
[29-Mar-2026 22:04:13 Africa/Kampala] hasCompletedQuiz - User: 25, Quiz: 30, Count: 2
[29-Mar-2026 22:04:16 Africa/Kampala] hasCompletedQuiz - User: 25, Quiz: 32, Count: 1
[29-Mar-2026 22:04:18 Africa/Kampala] === getAllQuizzes END - Returning 5 quizzes ===
[29-Mar-2026 22:10:20 Africa/Kampala] Database connection successful!
[29-Mar-2026 22:10:20 Africa/Kampala] MailHelper initialized
[29-Mar-2026 22:13:53 Africa/Kampala] PHP Fatal error:  Uncaught Error: Undefined constant "SITE_NAME" in C:\xampp\htdocs\rogele-prod\views\layouts\header.php:18
Stack trace:
#0 C:\xampp\htdocs\rogele-prod\views\home.php(4): require_once()
#1 C:\xampp\htdocs\rogele-prod\controllers\HomeController.php(25): require_once('C:\\xampp\\htdocs...')
#2 C:\xampp\htdocs\rogele-prod\index.php(192): HomeController->index()
#3 {main}
  thrown in C:\xampp\htdocs\rogele-prod\views\layouts\header.php on line 18
[29-Mar-2026 22:13:56 Africa/Kampala] PHP Fatal error:  Uncaught Error: Undefined constant "SITE_NAME" in C:\xampp\htdocs\rogele-prod\views\layouts\header.php:18
Stack trace:
#0 C:\xampp\htdocs\rogele-prod\views\home.php(4): require_once()
#1 C:\xampp\htdocs\rogele-prod\controllers\HomeController.php(25): require_once('C:\\xampp\\htdocs...')
#2 C:\xampp\htdocs\rogele-prod\index.php(192): HomeController->index()
#3 {main}
  thrown in C:\xampp\htdocs\rogele-prod\views\layouts\header.php on line 18
[29-Mar-2026 22:15:20 Africa/Kampala] Database connection successful!
[29-Mar-2026 22:15:20 Africa/Kampala] MailHelper initialized
[29-Mar-2026 22:15:29 Africa/Kampala] Database connection successful!
[29-Mar-2026 22:15:29 Africa/Kampala] MailHelper initialized
[29-Mar-2026 22:15:29 Africa/Kampala] Login POST request received
[29-Mar-2026 22:15:29 Africa/Kampala] Username: nelson.hisaalu@gmail.com
[29-Mar-2026 22:15:29 Africa/Kampala] Password length: 10
[29-Mar-2026 22:15:29 Africa/Kampala] Login attempt for username: nelson.hisaalu@gmail.com
[29-Mar-2026 22:15:31 Africa/Kampala] Activity log error: SQLSTATE[HY000]: General error: 1364 Field 'id' doesn't have a default value
[29-Mar-2026 22:15:31 Africa/Kampala] Login result: SUCCESS
[29-Mar-2026 22:15:31 Africa/Kampala] Session set for user ID: 25
[29-Mar-2026 22:15:32 Africa/Kampala] Database connection successful!
[29-Mar-2026 22:15:40 Africa/Kampala] Database connection successful!
[29-Mar-2026 22:15:42 Africa/Kampala] === getAllQuizzes START ===
[29-Mar-2026 22:15:43 Africa/Kampala] SIMPLE QUERY (no filters):
[29-Mar-2026 22:15:43 Africa/Kampala]   ID: 27 - Mathematics 001
[29-Mar-2026 22:15:43 Africa/Kampala]   ID: 28 - Science Quizz 001
[29-Mar-2026 22:15:43 Africa/Kampala]   ID: 29 - English Quiz 001
[29-Mar-2026 22:15:43 Africa/Kampala]   ID: 30 - Social Studies 001
[29-Mar-2026 22:15:43 Africa/Kampala]   ID: 32 - Computer Studies 001
[29-Mar-2026 22:15:43 Africa/Kampala] EXECUTING SQL: SELECT DISTINCT q.id, q.*, 
                            (SELECT COUNT(*) FROM quiz_questions WHERE quiz_id = q.id) as question_count,
                            (SELECT name FROM subjects WHERE id = q.subject_id) as subject_name,
                            (SELECT name FROM classes WHERE id = q.class_id) as class_name
                        FROM quizzes q
                        WHERE q.is_published = 1 
                        AND (SELECT COUNT(*) FROM quiz_questions WHERE quiz_id = q.id) > 0
                        GROUP BY q.id
                        ORDER BY q.id ASC
[29-Mar-2026 22:15:43 Africa/Kampala] SQL RESULT COUNT: 5
[29-Mar-2026 22:15:43 Africa/Kampala]   SQL Result: ID=27, Title=Mathematics 001, QCount=5
[29-Mar-2026 22:15:43 Africa/Kampala]   SQL Result: ID=28, Title=Science Quizz 001, QCount=5
[29-Mar-2026 22:15:43 Africa/Kampala]   SQL Result: ID=29, Title=English Quiz 001, QCount=5
[29-Mar-2026 22:15:43 Africa/Kampala]   SQL Result: ID=30, Title=Social Studies 001, QCount=5
[29-Mar-2026 22:15:43 Africa/Kampala]   SQL Result: ID=32, Title=Computer Studies 001, QCount=10
[29-Mar-2026 22:15:43 Africa/Kampala]   >>> QUIZ 30 FOUND in SQL result!
[29-Mar-2026 22:15:44 Africa/Kampala] hasCompletedQuiz - User: 25, Quiz: 27, Count: 1
[29-Mar-2026 22:15:47 Africa/Kampala] hasCompletedQuiz - User: 25, Quiz: 28, Count: 1
[29-Mar-2026 22:15:50 Africa/Kampala] hasCompletedQuiz - User: 25, Quiz: 29, Count: 2
[29-Mar-2026 22:15:53 Africa/Kampala] hasCompletedQuiz - User: 25, Quiz: 30, Count: 2
[29-Mar-2026 22:15:55 Africa/Kampala] hasCompletedQuiz - User: 25, Quiz: 32, Count: 1
[29-Mar-2026 22:15:58 Africa/Kampala] === getAllQuizzes END - Returning 5 quizzes ===
[29-Mar-2026 22:18:36 Africa/Kampala] === getAllQuizzes START ===
[29-Mar-2026 22:18:37 Africa/Kampala] SIMPLE QUERY (no filters):
[29-Mar-2026 22:18:37 Africa/Kampala]   ID: 27 - Mathematics 001
[29-Mar-2026 22:18:37 Africa/Kampala]   ID: 28 - Science Quizz 001
[29-Mar-2026 22:18:37 Africa/Kampala]   ID: 29 - English Quiz 001
[29-Mar-2026 22:18:37 Africa/Kampala]   ID: 30 - Social Studies 001
[29-Mar-2026 22:18:37 Africa/Kampala]   ID: 32 - Computer Studies 001
[29-Mar-2026 22:18:37 Africa/Kampala] EXECUTING SQL: SELECT DISTINCT q.id, q.*, 
                            (SELECT COUNT(*) FROM quiz_questions WHERE quiz_id = q.id) as question_count,
                            (SELECT name FROM subjects WHERE id = q.subject_id) as subject_name,
                            (SELECT name FROM classes WHERE id = q.class_id) as class_name
                        FROM quizzes q
                        WHERE q.is_published = 1 
                        AND (SELECT COUNT(*) FROM quiz_questions WHERE quiz_id = q.id) > 0
                        GROUP BY q.id
                        ORDER BY q.id ASC
[29-Mar-2026 22:18:37 Africa/Kampala] SQL RESULT COUNT: 5
[29-Mar-2026 22:18:37 Africa/Kampala]   SQL Result: ID=27, Title=Mathematics 001, QCount=5
[29-Mar-2026 22:18:37 Africa/Kampala]   SQL Result: ID=28, Title=Science Quizz 001, QCount=5
[29-Mar-2026 22:18:37 Africa/Kampala]   SQL Result: ID=29, Title=English Quiz 001, QCount=5
[29-Mar-2026 22:18:37 Africa/Kampala]   SQL Result: ID=30, Title=Social Studies 001, QCount=5
[29-Mar-2026 22:18:37 Africa/Kampala]   SQL Result: ID=32, Title=Computer Studies 001, QCount=10
[29-Mar-2026 22:18:37 Africa/Kampala]   >>> QUIZ 30 FOUND in SQL result!
[29-Mar-2026 22:18:38 Africa/Kampala] hasCompletedQuiz - User: 25, Quiz: 27, Count: 1
[29-Mar-2026 22:18:41 Africa/Kampala] hasCompletedQuiz - User: 25, Quiz: 28, Count: 1
[29-Mar-2026 22:18:44 Africa/Kampala] hasCompletedQuiz - User: 25, Quiz: 29, Count: 2
[29-Mar-2026 22:18:47 Africa/Kampala] hasCompletedQuiz - User: 25, Quiz: 30, Count: 2
[29-Mar-2026 22:18:49 Africa/Kampala] hasCompletedQuiz - User: 25, Quiz: 32, Count: 1
[29-Mar-2026 22:18:52 Africa/Kampala] === getAllQuizzes END - Returning 5 quizzes ===
